#
# There is insufficient memory for the Java Runtime Environment to continue.
# Native memory allocation (mmap) failed to map 65536 bytes for Failed to commit metaspace.
# Possible reasons:
#   The system is out of physical RAM or swap space
#   The process is running with CompressedOops enabled, and the Java Heap may be blocking the growth of the native heap
# Possible solutions:
#   Reduce memory load on the system
#   Increase physical memory or swap space
#   Check if swap backing store is full
#   Decrease Java heap size (-Xmx/-Xms)
#   Decrease number of Java threads
#   Decrease Java thread stack sizes (-Xss)
#   Set larger code cache with -XX:ReservedCodeCacheSize=
#   JVM is running with Unscaled Compressed Oops mode in which the Java heap is
#     placed in the first 4GB address space. The Java Heap base address is the
#     maximum limit for the native heap growth. Please use -XX:HeapBaseMinAddress
#     to set the Java Heap base and to place the Java Heap above 4GB virtual address.
# This output file may be truncated or incomplete.
#
#  Out of Memory Error (virtualSpaceNode.cpp:110), pid=9540, tid=3464
#
# JRE version: Java(TM) SE Runtime Environment (19.0.2+7) (build 19.0.2+7-44)
# Java VM: Java HotSpot(TM) 64-Bit Server VM (19.0.2+7-44, mixed mode, sharing, tiered, compressed oops, compressed class ptrs, g1 gc, windows-amd64)
# No core dump will be written. Minidumps are not enabled by default on client versions of Windows
#

---------------  S U M M A R Y ------------

Command Line: -Dfile.encoding=UTF-8 -XX:+ShowCodeDetailsInExceptionMessages fotballproject.StarterFrame

Host: Intel(R) Core(TM) i5-8265U CPU @ 1.60GHz, 8 cores, 7G,  Windows 11 , 64 bit Build 22621 (10.0.22621.1635)
Time: Fri Jun  2 04:17:40 2023  Windows 11 , 64 bit Build 22621 (10.0.22621.1635) elapsed time: 0.929019 seconds (0d 0h 0m 0s)

---------------  T H R E A D  ---------------

Current thread (0x0000015bfe345c40):  JavaThread "AWT-EventQueue-0" [_thread_in_vm, id=3464, stack(0x00000047f3c00000,0x00000047f3d00000)]

Stack: [0x00000047f3c00000,0x00000047f3d00000]
Native frames: (J=compiled Java code, j=interpreted, Vv=VM code, C=native code)
V  [jvm.dll+0x6ee21a]
V  [jvm.dll+0x85765e]
V  [jvm.dll+0x85904e]
V  [jvm.dll+0x859703]
V  [jvm.dll+0x28298f]
V  [jvm.dll+0x8532db]
V  [jvm.dll+0x692cb6]
V  [jvm.dll+0x692d1a]
V  [jvm.dll+0x695613]
V  [jvm.dll+0x6954de]
V  [jvm.dll+0x6936de]
V  [jvm.dll+0x2801cc]
V  [jvm.dll+0x7432cd]
V  [jvm.dll+0x743ccf]
V  [jvm.dll+0x3c999e]
V  [jvm.dll+0x3c8b14]
V  [jvm.dll+0x3c8ab8]
V  [jvm.dll+0x3da29a]
C  0x0000015b8755d31d

Java frames: (J=compiled Java code, j=interpreted, Vv=VM code)
j  sun.security.ssl.SSLSocketImpl.<init>(Lsun/security/ssl/SSLContextImpl;Ljava/net/Socket;Ljava/lang/String;IZ)V+89 java.base@19.0.2
j  sun.security.ssl.SSLSocketFactoryImpl.createSocket(Ljava/net/Socket;Ljava/lang/String;IZ)Ljava/net/Socket;+13 java.base@19.0.2
j  com.mysql.cj.protocol.ExportControlled.performTlsHandshake(Ljava/net/Socket;Lcom/mysql/cj/protocol/SocketConnection;Lcom/mysql/cj/ServerVersion;Lcom/mysql/cj/log/Log;)Ljava/net/Socket;+178
j  com.mysql.cj.protocol.StandardSocketFactory.performTlsHandshake(Lcom/mysql/cj/protocol/SocketConnection;Lcom/mysql/cj/protocol/ServerSession;Lcom/mysql/cj/log/Log;)Ljava/io/Closeable;+21
j  com.mysql.cj.protocol.a.NativeSocketConnection.performTlsHandshake(Lcom/mysql/cj/protocol/ServerSession;Lcom/mysql/cj/log/Log;)V+8
j  com.mysql.cj.protocol.a.NativeProtocol.negotiateSSLConnection()V+116
j  com.mysql.cj.protocol.a.NativeAuthenticationProvider.connect(Ljava/lang/String;Ljava/lang/String;Ljava/lang/String;)V+765
j  com.mysql.cj.protocol.a.NativeProtocol.connect(Ljava/lang/String;Ljava/lang/String;Ljava/lang/String;)V+11
j  com.mysql.cj.NativeSession.connect(Lcom/mysql/cj/conf/HostInfo;Ljava/lang/String;Ljava/lang/String;Ljava/lang/String;ILcom/mysql/cj/TransactionEventHandler;)V+110
j  com.mysql.cj.jdbc.ConnectionImpl.connectOneTryOnly(Z)V+32
j  com.mysql.cj.jdbc.ConnectionImpl.createNewIO(Z)V+27
j  com.mysql.cj.jdbc.ConnectionImpl.<init>(Lcom/mysql/cj/conf/HostInfo;)V+753
j  com.mysql.cj.jdbc.ConnectionImpl.getInstance(Lcom/mysql/cj/conf/HostInfo;)Lcom/mysql/cj/jdbc/JdbcConnection;+5
j  com.mysql.cj.jdbc.NonRegisteringDriver.connect(Ljava/lang/String;Ljava/util/Properties;)Ljava/sql/Connection;+72
j  java.sql.DriverManager.getConnection(Ljava/lang/String;Ljava/util/Properties;Ljava/lang/Class;)Ljava/sql/Connection;+133 java.sql@19.0.2
j  java.sql.DriverManager.getConnection(Ljava/lang/String;Ljava/lang/String;Ljava/lang/String;)Ljava/sql/Connection;+37 java.sql@19.0.2
j  fotballproject.StarterFrame.DBConnect()V+12
j  fotballproject.StarterFrame.<init>()V+97
j  fotballproject.StarterFrame$1.run()V+4
j  java.awt.event.InvocationEvent.dispatch()V+47 java.desktop@19.0.2
j  java.awt.EventQueue.dispatchEventImpl(Ljava/awt/AWTEvent;Ljava/lang/Object;)V+21 java.desktop@19.0.2
j  java.awt.EventQueue$4.run()Ljava/lang/Void;+32 java.desktop@19.0.2
j  java.awt.EventQueue$4.run()Ljava/lang/Object;+1 java.desktop@19.0.2
j  java.security.AccessController.executePrivileged(Ljava/security/PrivilegedAction;Ljava/security/AccessControlContext;Ljava/lang/Class;)Ljava/lang/Object;+29 java.base@19.0.2
j  java.security.AccessController.doPrivileged(Ljava/security/PrivilegedAction;Ljava/security/AccessControlContext;)Ljava/lang/Object;+13 java.base@19.0.2
j  java.security.ProtectionDomain$JavaSecurityAccessImpl.doIntersectionPrivilege(Ljava/security/PrivilegedAction;Ljava/security/AccessControlContext;Ljava/security/AccessControlContext;)Ljava/lang/Object;+18 java.base@19.0.2
j  java.awt.EventQueue.dispatchEvent(Ljava/awt/AWTEvent;)V+46 java.desktop@19.0.2
j  java.awt.EventDispatchThread.pumpOneEventForFilters(I)V+81 java.desktop@19.0.2
j  java.awt.EventDispatchThread.pumpEventsForFilter(ILjava/awt/Conditional;Ljava/awt/EventFilter;)V+35 java.desktop@19.0.2
j  java.awt.EventDispatchThread.pumpEventsForHierarchy(ILjava/awt/Conditional;Ljava/awt/Component;)V+11 java.desktop@19.0.2
j  java.awt.EventDispatchThread.pumpEvents(ILjava/awt/Conditional;)V+4 java.desktop@19.0.2
j  java.awt.EventDispatchThread.pumpEvents(Ljava/awt/Conditional;)V+3 java.desktop@19.0.2
j  java.awt.EventDispatchThread.run()V+9 java.desktop@19.0.2
v  ~StubRoutines::call_stub 0x0000015b8753100e

---------------  P R O C E S S  ---------------

Threads class SMR info:
_java_thread_list=0x0000015bfe362630, length=18, elements={
0x0000015bf9d3c040, 0x0000015bf9d3eb80, 0x0000015bf9d41a20, 0x0000015bf9d44360,
0x0000015bf9d44c90, 0x0000015bf9d475d0, 0x0000015bf9d56b60, 0x0000015bf9d59c10,
0x0000015bf9d658d0, 0x0000015bfe1100e0, 0x0000015bfe113eb0, 0x0000015bfe3249f0,
0x0000015bfe324f30, 0x0000015bfe325800, 0x0000015bfe345c40, 0x0000015bea5e7420,
0x0000015bff3c0fd0, 0x0000015bf9d57ab0
}

Java Threads: ( => current thread )
  0x0000015bf9d3c040 JavaThread "Reference Handler" daemon [_thread_blocked, id=16624, stack(0x00000047f2d00000,0x00000047f2e00000)]
  0x0000015bf9d3eb80 JavaThread "Finalizer" daemon [_thread_blocked, id=22772, stack(0x00000047f2e00000,0x00000047f2f00000)]
  0x0000015bf9d41a20 JavaThread "Signal Dispatcher" daemon [_thread_blocked, id=14088, stack(0x00000047f2f00000,0x00000047f3000000)]
  0x0000015bf9d44360 JavaThread "Attach Listener" daemon [_thread_blocked, id=14576, stack(0x00000047f3000000,0x00000047f3100000)]
  0x0000015bf9d44c90 JavaThread "Service Thread" daemon [_thread_blocked, id=16392, stack(0x00000047f3100000,0x00000047f3200000)]
  0x0000015bf9d475d0 JavaThread "Monitor Deflation Thread" daemon [_thread_blocked, id=1920, stack(0x00000047f3200000,0x00000047f3300000)]
  0x0000015bf9d56b60 JavaThread "C2 CompilerThread0" daemon [_thread_blocked, id=728, stack(0x00000047f3300000,0x00000047f3400000)]
  0x0000015bf9d59c10 JavaThread "C1 CompilerThread0" daemon [_thread_blocked, id=13292, stack(0x00000047f3400000,0x00000047f3500000)]
  0x0000015bf9d658d0 JavaThread "Sweeper thread" daemon [_thread_blocked, id=23508, stack(0x00000047f3500000,0x00000047f3600000)]
  0x0000015bfe1100e0 JavaThread "Notification Thread" daemon [_thread_blocked, id=13112, stack(0x00000047f3600000,0x00000047f3700000)]
  0x0000015bfe113eb0 JavaThread "Common-Cleaner" daemon [_thread_blocked, id=7736, stack(0x00000047f3800000,0x00000047f3900000)]
  0x0000015bfe3249f0 JavaThread "Java2D Disposer" daemon [_thread_blocked, id=28228, stack(0x00000047f3900000,0x00000047f3a00000)]
  0x0000015bfe324f30 JavaThread "AWT-Shutdown" [_thread_blocked, id=16820, stack(0x00000047f3a00000,0x00000047f3b00000)]
  0x0000015bfe325800 JavaThread "AWT-Windows" daemon [_thread_in_native, id=13820, stack(0x00000047f3b00000,0x00000047f3c00000)]
=>0x0000015bfe345c40 JavaThread "AWT-EventQueue-0" [_thread_in_vm, id=3464, stack(0x00000047f3c00000,0x00000047f3d00000)]
  0x0000015bea5e7420 JavaThread "DestroyJavaVM" [_thread_blocked, id=15872, stack(0x00000047f2600000,0x00000047f2700000)]
  0x0000015bff3c0fd0 JavaThread "mysql-cj-abandoned-connection-cleanup" daemon [_thread_blocked, id=14672, stack(0x00000047f3d00000,0x00000047f3e00000)]
  0x0000015bf9d57ab0 JavaThread "C2 CompilerThread1" daemon [_thread_blocked, id=18712, stack(0x00000047f3e00000,0x00000047f3f00000)]

Other Threads:
  0x0000015bf9d1e6c0 VMThread "VM Thread" [stack: 0x00000047f2c00000,0x00000047f2d00000] [id=15920]
  0x0000015bfe113a50 WatcherThread "VM Periodic Task Thread" [stack: 0x00000047f3700000,0x00000047f3800000] [id=12248]
  0x0000015bea648bd0 WorkerThread "GC Thread#0" [stack: 0x00000047f2700000,0x00000047f2800000] [id=16340]
  0x0000015bea659ea0 ConcurrentGCThread "G1 Main Marker" [stack: 0x00000047f2800000,0x00000047f2900000] [id=11568]
  0x0000015bea65a7e0 WorkerThread "G1 Conc#0" [stack: 0x00000047f2900000,0x00000047f2a00000] [id=28184]
  0x0000015bf9bd48c0 ConcurrentGCThread "G1 Refine#0" [stack: 0x00000047f2a00000,0x00000047f2b00000] [id=25348]
  0x0000015bf9bd60c0 ConcurrentGCThread "G1 Service" [stack: 0x00000047f2b00000,0x00000047f2c00000] [id=16396]

Threads with active compile tasks:

VM state: not at safepoint (normal execution)

VM Mutex/Monitor currently owned by a thread:  ([mutex/lock_event])
[0x0000015bea5e06e0] Metaspace_lock - owner thread: 0x0000015bfe345c40

Heap address: 0x0000000083200000, size: 1998 MB, Compressed Oops mode: 32-bit

CDS archive(s) mapped at: [0x0000000800000000-0x0000000800c40000-0x0000000800c40000), size 12845056, SharedBaseAddress: 0x0000000800000000, ArchiveRelocationMode: 0.
Compressed class space mapped at: 0x0000000801000000-0x0000000841000000, reserved size: 1073741824
Narrow klass base: 0x0000000800000000, Narrow klass shift: 0, Narrow klass range: 0x100000000

GC Precious Log:
 CardTable entry size: 512
 Card Set container configuration: InlinePtr #cards 5 size 8 Array Of Cards #cards 12 size 40 Howl #buckets 4 coarsen threshold 1843 Howl Bitmap #cards 512 size 80 coarsen threshold 460 Card regions per heap region 1 cards per card region 2048
 CPUs: 8 total, 8 available
 Memory: 7986M
 Large Page Support: Disabled
 NUMA Support: Disabled
 Compressed Oops: Enabled (32-bit)
 Heap Region Size: 1M
 Heap Min Capacity: 8M
 Heap Initial Capacity: 126M
 Heap Max Capacity: 1998M
 Pre-touch: Disabled
 Parallel Workers: 8
 Concurrent Workers: 2
 Concurrent Refinement Workers: 8
 Periodic GC: Disabled

Heap:
 garbage-first heap   total 129024K, used 16384K [0x0000000083200000, 0x0000000100000000)
  region size 1024K, 17 young (17408K), 0 survivors (0K)
 Metaspace       used 10189K, committed 10432K, reserved 1114112K
  class space    used 1058K, committed 1216K, reserved 1048576K

Heap Regions: E=young(eden), S=young(survivor), O=old, HS=humongous(starts), HC=humongous(continues), CS=collection set, F=free, OA=open archive, CA=closed archive, TAMS=top-at-mark-start (previous, next)
|   0|0x0000000083200000, 0x0000000083200000, 0x0000000083300000|  0%| F|  |TAMS 0x0000000083200000, 0x0000000083200000| Untracked 
|   1|0x0000000083300000, 0x0000000083300000, 0x0000000083400000|  0%| F|  |TAMS 0x0000000083300000, 0x0000000083300000| Untracked 
|   2|0x0000000083400000, 0x0000000083400000, 0x0000000083500000|  0%| F|  |TAMS 0x0000000083400000, 0x0000000083400000| Untracked 
|   3|0x0000000083500000, 0x0000000083500000, 0x0000000083600000|  0%| F|  |TAMS 0x0000000083500000, 0x0000000083500000| Untracked 
|   4|0x0000000083600000, 0x0000000083600000, 0x0000000083700000|  0%| F|  |TAMS 0x0000000083600000, 0x0000000083600000| Untracked 
|   5|0x0000000083700000, 0x0000000083700000, 0x0000000083800000|  0%| F|  |TAMS 0x0000000083700000, 0x0000000083700000| Untracked 
|   6|0x0000000083800000, 0x0000000083800000, 0x0000000083900000|  0%| F|  |TAMS 0x0000000083800000, 0x0000000083800000| Untracked 
|   7|0x0000000083900000, 0x0000000083900000, 0x0000000083a00000|  0%| F|  |TAMS 0x0000000083900000, 0x0000000083900000| Untracked 
|   8|0x0000000083a00000, 0x0000000083a00000, 0x0000000083b00000|  0%| F|  |TAMS 0x0000000083a00000, 0x0000000083a00000| Untracked 
|   9|0x0000000083b00000, 0x0000000083b00000, 0x0000000083c00000|  0%| F|  |TAMS 0x0000000083b00000, 0x0000000083b00000| Untracked 
|  10|0x0000000083c00000, 0x0000000083c00000, 0x0000000083d00000|  0%| F|  |TAMS 0x0000000083c00000, 0x0000000083c00000| Untracked 
|  11|0x0000000083d00000, 0x0000000083d00000, 0x0000000083e00000|  0%| F|  |TAMS 0x0000000083d00000, 0x0000000083d00000| Untracked 
|  12|0x0000000083e00000, 0x0000000083e00000, 0x0000000083f00000|  0%| F|  |TAMS 0x0000000083e00000, 0x0000000083e00000| Untracked 
|  13|0x0000000083f00000, 0x0000000083f00000, 0x0000000084000000|  0%| F|  |TAMS 0x0000000083f00000, 0x0000000083f00000| Untracked 
|  14|0x0000000084000000, 0x0000000084000000, 0x0000000084100000|  0%| F|  |TAMS 0x0000000084000000, 0x0000000084000000| Untracked 
|  15|0x0000000084100000, 0x0000000084100000, 0x0000000084200000|  0%| F|  |TAMS 0x0000000084100000, 0x0000000084100000| Untracked 
|  16|0x0000000084200000, 0x0000000084200000, 0x0000000084300000|  0%| F|  |TAMS 0x0000000084200000, 0x0000000084200000| Untracked 
|  17|0x0000000084300000, 0x0000000084300000, 0x0000000084400000|  0%| F|  |TAMS 0x0000000084300000, 0x0000000084300000| Untracked 
|  18|0x0000000084400000, 0x0000000084400000, 0x0000000084500000|  0%| F|  |TAMS 0x0000000084400000, 0x0000000084400000| Untracked 
|  19|0x0000000084500000, 0x0000000084500000, 0x0000000084600000|  0%| F|  |TAMS 0x0000000084500000, 0x0000000084500000| Untracked 
|  20|0x0000000084600000, 0x0000000084600000, 0x0000000084700000|  0%| F|  |TAMS 0x0000000084600000, 0x0000000084600000| Untracked 
|  21|0x0000000084700000, 0x0000000084700000, 0x0000000084800000|  0%| F|  |TAMS 0x0000000084700000, 0x0000000084700000| Untracked 
|  22|0x0000000084800000, 0x0000000084800000, 0x0000000084900000|  0%| F|  |TAMS 0x0000000084800000, 0x0000000084800000| Untracked 
|  23|0x0000000084900000, 0x0000000084900000, 0x0000000084a00000|  0%| F|  |TAMS 0x0000000084900000, 0x0000000084900000| Untracked 
|  24|0x0000000084a00000, 0x0000000084a00000, 0x0000000084b00000|  0%| F|  |TAMS 0x0000000084a00000, 0x0000000084a00000| Untracked 
|  25|0x0000000084b00000, 0x0000000084b00000, 0x0000000084c00000|  0%| F|  |TAMS 0x0000000084b00000, 0x0000000084b00000| Untracked 
|  26|0x0000000084c00000, 0x0000000084c00000, 0x0000000084d00000|  0%| F|  |TAMS 0x0000000084c00000, 0x0000000084c00000| Untracked 
|  27|0x0000000084d00000, 0x0000000084d00000, 0x0000000084e00000|  0%| F|  |TAMS 0x0000000084d00000, 0x0000000084d00000| Untracked 
|  28|0x0000000084e00000, 0x0000000084e00000, 0x0000000084f00000|  0%| F|  |TAMS 0x0000000084e00000, 0x0000000084e00000| Untracked 
|  29|0x0000000084f00000, 0x0000000084f00000, 0x0000000085000000|  0%| F|  |TAMS 0x0000000084f00000, 0x0000000084f00000| Untracked 
|  30|0x0000000085000000, 0x0000000085000000, 0x0000000085100000|  0%| F|  |TAMS 0x0000000085000000, 0x0000000085000000| Untracked 
|  31|0x0000000085100000, 0x0000000085100000, 0x0000000085200000|  0%| F|  |TAMS 0x0000000085100000, 0x0000000085100000| Untracked 
|  32|0x0000000085200000, 0x0000000085200000, 0x0000000085300000|  0%| F|  |TAMS 0x0000000085200000, 0x0000000085200000| Untracked 
|  33|0x0000000085300000, 0x0000000085300000, 0x0000000085400000|  0%| F|  |TAMS 0x0000000085300000, 0x0000000085300000| Untracked 
|  34|0x0000000085400000, 0x0000000085400000, 0x0000000085500000|  0%| F|  |TAMS 0x0000000085400000, 0x0000000085400000| Untracked 
|  35|0x0000000085500000, 0x0000000085500000, 0x0000000085600000|  0%| F|  |TAMS 0x0000000085500000, 0x0000000085500000| Untracked 
|  36|0x0000000085600000, 0x0000000085600000, 0x0000000085700000|  0%| F|  |TAMS 0x0000000085600000, 0x0000000085600000| Untracked 
|  37|0x0000000085700000, 0x0000000085700000, 0x0000000085800000|  0%| F|  |TAMS 0x0000000085700000, 0x0000000085700000| Untracked 
|  38|0x0000000085800000, 0x0000000085800000, 0x0000000085900000|  0%| F|  |TAMS 0x0000000085800000, 0x0000000085800000| Untracked 
|  39|0x0000000085900000, 0x0000000085900000, 0x0000000085a00000|  0%| F|  |TAMS 0x0000000085900000, 0x0000000085900000| Untracked 
|  40|0x0000000085a00000, 0x0000000085a00000, 0x0000000085b00000|  0%| F|  |TAMS 0x0000000085a00000, 0x0000000085a00000| Untracked 
|  41|0x0000000085b00000, 0x0000000085b00000, 0x0000000085c00000|  0%| F|  |TAMS 0x0000000085b00000, 0x0000000085b00000| Untracked 
|  42|0x0000000085c00000, 0x0000000085c00000, 0x0000000085d00000|  0%| F|  |TAMS 0x0000000085c00000, 0x0000000085c00000| Untracked 
|  43|0x0000000085d00000, 0x0000000085d00000, 0x0000000085e00000|  0%| F|  |TAMS 0x0000000085d00000, 0x0000000085d00000| Untracked 
|  44|0x0000000085e00000, 0x0000000085e00000, 0x0000000085f00000|  0%| F|  |TAMS 0x0000000085e00000, 0x0000000085e00000| Untracked 
|  45|0x0000000085f00000, 0x0000000085f00000, 0x0000000086000000|  0%| F|  |TAMS 0x0000000085f00000, 0x0000000085f00000| Untracked 
|  46|0x0000000086000000, 0x0000000086000000, 0x0000000086100000|  0%| F|  |TAMS 0x0000000086000000, 0x0000000086000000| Untracked 
|  47|0x0000000086100000, 0x0000000086100000, 0x0000000086200000|  0%| F|  |TAMS 0x0000000086100000, 0x0000000086100000| Untracked 
|  48|0x0000000086200000, 0x0000000086200000, 0x0000000086300000|  0%| F|  |TAMS 0x0000000086200000, 0x0000000086200000| Untracked 
|  49|0x0000000086300000, 0x0000000086300000, 0x0000000086400000|  0%| F|  |TAMS 0x0000000086300000, 0x0000000086300000| Untracked 
|  50|0x0000000086400000, 0x0000000086400000, 0x0000000086500000|  0%| F|  |TAMS 0x0000000086400000, 0x0000000086400000| Untracked 
|  51|0x0000000086500000, 0x0000000086500000, 0x0000000086600000|  0%| F|  |TAMS 0x0000000086500000, 0x0000000086500000| Untracked 
|  52|0x0000000086600000, 0x0000000086600000, 0x0000000086700000|  0%| F|  |TAMS 0x0000000086600000, 0x0000000086600000| Untracked 
|  53|0x0000000086700000, 0x0000000086700000, 0x0000000086800000|  0%| F|  |TAMS 0x0000000086700000, 0x0000000086700000| Untracked 
|  54|0x0000000086800000, 0x0000000086800000, 0x0000000086900000|  0%| F|  |TAMS 0x0000000086800000, 0x0000000086800000| Untracked 
|  55|0x0000000086900000, 0x0000000086900000, 0x0000000086a00000|  0%| F|  |TAMS 0x0000000086900000, 0x0000000086900000| Untracked 
|  56|0x0000000086a00000, 0x0000000086a00000, 0x0000000086b00000|  0%| F|  |TAMS 0x0000000086a00000, 0x0000000086a00000| Untracked 
|  57|0x0000000086b00000, 0x0000000086b00000, 0x0000000086c00000|  0%| F|  |TAMS 0x0000000086b00000, 0x0000000086b00000| Untracked 
|  58|0x0000000086c00000, 0x0000000086c00000, 0x0000000086d00000|  0%| F|  |TAMS 0x0000000086c00000, 0x0000000086c00000| Untracked 
|  59|0x0000000086d00000, 0x0000000086d00000, 0x0000000086e00000|  0%| F|  |TAMS 0x0000000086d00000, 0x0000000086d00000| Untracked 
|  60|0x0000000086e00000, 0x0000000086e00000, 0x0000000086f00000|  0%| F|  |TAMS 0x0000000086e00000, 0x0000000086e00000| Untracked 
|  61|0x0000000086f00000, 0x0000000086f00000, 0x0000000087000000|  0%| F|  |TAMS 0x0000000086f00000, 0x0000000086f00000| Untracked 
|  62|0x0000000087000000, 0x0000000087000000, 0x0000000087100000|  0%| F|  |TAMS 0x0000000087000000, 0x0000000087000000| Untracked 
|  63|0x0000000087100000, 0x0000000087100000, 0x0000000087200000|  0%| F|  |TAMS 0x0000000087100000, 0x0000000087100000| Untracked 
|  64|0x0000000087200000, 0x0000000087200000, 0x0000000087300000|  0%| F|  |TAMS 0x0000000087200000, 0x0000000087200000| Untracked 
|  65|0x0000000087300000, 0x0000000087300000, 0x0000000087400000|  0%| F|  |TAMS 0x0000000087300000, 0x0000000087300000| Untracked 
|  66|0x0000000087400000, 0x0000000087400000, 0x0000000087500000|  0%| F|  |TAMS 0x0000000087400000, 0x0000000087400000| Untracked 
|  67|0x0000000087500000, 0x0000000087500000, 0x0000000087600000|  0%| F|  |TAMS 0x0000000087500000, 0x0000000087500000| Untracked 
|  68|0x0000000087600000, 0x0000000087600000, 0x0000000087700000|  0%| F|  |TAMS 0x0000000087600000, 0x0000000087600000| Untracked 
|  69|0x0000000087700000, 0x0000000087700000, 0x0000000087800000|  0%| F|  |TAMS 0x0000000087700000, 0x0000000087700000| Untracked 
|  70|0x0000000087800000, 0x0000000087800000, 0x0000000087900000|  0%| F|  |TAMS 0x0000000087800000, 0x0000000087800000| Untracked 
|  71|0x0000000087900000, 0x0000000087900000, 0x0000000087a00000|  0%| F|  |TAMS 0x0000000087900000, 0x0000000087900000| Untracked 
|  72|0x0000000087a00000, 0x0000000087a00000, 0x0000000087b00000|  0%| F|  |TAMS 0x0000000087a00000, 0x0000000087a00000| Untracked 
|  73|0x0000000087b00000, 0x0000000087b00000, 0x0000000087c00000|  0%| F|  |TAMS 0x0000000087b00000, 0x0000000087b00000| Untracked 
|  74|0x0000000087c00000, 0x0000000087c00000, 0x0000000087d00000|  0%| F|  |TAMS 0x0000000087c00000, 0x0000000087c00000| Untracked 
|  75|0x0000000087d00000, 0x0000000087d00000, 0x0000000087e00000|  0%| F|  |TAMS 0x0000000087d00000, 0x0000000087d00000| Untracked 
|  76|0x0000000087e00000, 0x0000000087e00000, 0x0000000087f00000|  0%| F|  |TAMS 0x0000000087e00000, 0x0000000087e00000| Untracked 
|  77|0x0000000087f00000, 0x0000000087f00000, 0x0000000088000000|  0%| F|  |TAMS 0x0000000087f00000, 0x0000000087f00000| Untracked 
|  78|0x0000000088000000, 0x0000000088000000, 0x0000000088100000|  0%| F|  |TAMS 0x0000000088000000, 0x0000000088000000| Untracked 
|  79|0x0000000088100000, 0x0000000088100000, 0x0000000088200000|  0%| F|  |TAMS 0x0000000088100000, 0x0000000088100000| Untracked 
|  80|0x0000000088200000, 0x0000000088200000, 0x0000000088300000|  0%| F|  |TAMS 0x0000000088200000, 0x0000000088200000| Untracked 
|  81|0x0000000088300000, 0x0000000088300000, 0x0000000088400000|  0%| F|  |TAMS 0x0000000088300000, 0x0000000088300000| Untracked 
|  82|0x0000000088400000, 0x0000000088400000, 0x0000000088500000|  0%| F|  |TAMS 0x0000000088400000, 0x0000000088400000| Untracked 
|  83|0x0000000088500000, 0x0000000088500000, 0x0000000088600000|  0%| F|  |TAMS 0x0000000088500000, 0x0000000088500000| Untracked 
|  84|0x0000000088600000, 0x0000000088600000, 0x0000000088700000|  0%| F|  |TAMS 0x0000000088600000, 0x0000000088600000| Untracked 
|  85|0x0000000088700000, 0x0000000088700000, 0x0000000088800000|  0%| F|  |TAMS 0x0000000088700000, 0x0000000088700000| Untracked 
|  86|0x0000000088800000, 0x0000000088800000, 0x0000000088900000|  0%| F|  |TAMS 0x0000000088800000, 0x0000000088800000| Untracked 
|  87|0x0000000088900000, 0x0000000088900000, 0x0000000088a00000|  0%| F|  |TAMS 0x0000000088900000, 0x0000000088900000| Untracked 
|  88|0x0000000088a00000, 0x0000000088a00000, 0x0000000088b00000|  0%| F|  |TAMS 0x0000000088a00000, 0x0000000088a00000| Untracked 
|  89|0x0000000088b00000, 0x0000000088b00000, 0x0000000088c00000|  0%| F|  |TAMS 0x0000000088b00000, 0x0000000088b00000| Untracked 
|  90|0x0000000088c00000, 0x0000000088c00000, 0x0000000088d00000|  0%| F|  |TAMS 0x0000000088c00000, 0x0000000088c00000| Untracked 
|  91|0x0000000088d00000, 0x0000000088d00000, 0x0000000088e00000|  0%| F|  |TAMS 0x0000000088d00000, 0x0000000088d00000| Untracked 
|  92|0x0000000088e00000, 0x0000000088e00000, 0x0000000088f00000|  0%| F|  |TAMS 0x0000000088e00000, 0x0000000088e00000| Untracked 
|  93|0x0000000088f00000, 0x0000000088f00000, 0x0000000089000000|  0%| F|  |TAMS 0x0000000088f00000, 0x0000000088f00000| Untracked 
|  94|0x0000000089000000, 0x0000000089000000, 0x0000000089100000|  0%| F|  |TAMS 0x0000000089000000, 0x0000000089000000| Untracked 
|  95|0x0000000089100000, 0x0000000089100000, 0x0000000089200000|  0%| F|  |TAMS 0x0000000089100000, 0x0000000089100000| Untracked 
|  96|0x0000000089200000, 0x0000000089200000, 0x0000000089300000|  0%| F|  |TAMS 0x0000000089200000, 0x0000000089200000| Untracked 
|  97|0x0000000089300000, 0x0000000089300000, 0x0000000089400000|  0%| F|  |TAMS 0x0000000089300000, 0x0000000089300000| Untracked 
|  98|0x0000000089400000, 0x0000000089400000, 0x0000000089500000|  0%| F|  |TAMS 0x0000000089400000, 0x0000000089400000| Untracked 
|  99|0x0000000089500000, 0x0000000089500000, 0x0000000089600000|  0%| F|  |TAMS 0x0000000089500000, 0x0000000089500000| Untracked 
| 100|0x0000000089600000, 0x0000000089600000, 0x0000000089700000|  0%| F|  |TAMS 0x0000000089600000, 0x0000000089600000| Untracked 
| 101|0x0000000089700000, 0x0000000089700000, 0x0000000089800000|  0%| F|  |TAMS 0x0000000089700000, 0x0000000089700000| Untracked 
| 102|0x0000000089800000, 0x0000000089800000, 0x0000000089900000|  0%| F|  |TAMS 0x0000000089800000, 0x0000000089800000| Untracked 
| 103|0x0000000089900000, 0x0000000089900000, 0x0000000089a00000|  0%| F|  |TAMS 0x0000000089900000, 0x0000000089900000| Untracked 
| 104|0x0000000089a00000, 0x0000000089a00000, 0x0000000089b00000|  0%| F|  |TAMS 0x0000000089a00000, 0x0000000089a00000| Untracked 
| 105|0x0000000089b00000, 0x0000000089b00000, 0x0000000089c00000|  0%| F|  |TAMS 0x0000000089b00000, 0x0000000089b00000| Untracked 
| 106|0x0000000089c00000, 0x0000000089c00000, 0x0000000089d00000|  0%| F|  |TAMS 0x0000000089c00000, 0x0000000089c00000| Untracked 
| 107|0x0000000089d00000, 0x0000000089d00000, 0x0000000089e00000|  0%| F|  |TAMS 0x0000000089d00000, 0x0000000089d00000| Untracked 
| 108|0x0000000089e00000, 0x0000000089e00000, 0x0000000089f00000|  0%| F|  |TAMS 0x0000000089e00000, 0x0000000089e00000| Untracked 
| 109|0x0000000089f00000, 0x0000000089f76460, 0x000000008a000000| 46%| E|  |TAMS 0x0000000089f00000, 0x0000000089f00000| Complete 
| 110|0x000000008a000000, 0x000000008a100000, 0x000000008a100000|100%| E|CS|TAMS 0x000000008a000000, 0x000000008a000000| Complete 
| 111|0x000000008a100000, 0x000000008a200000, 0x000000008a200000|100%| E|CS|TAMS 0x000000008a100000, 0x000000008a100000| Complete 
| 112|0x000000008a200000, 0x000000008a300000, 0x000000008a300000|100%| E|CS|TAMS 0x000000008a200000, 0x000000008a200000| Complete 
| 113|0x000000008a300000, 0x000000008a400000, 0x000000008a400000|100%| E|CS|TAMS 0x000000008a300000, 0x000000008a300000| Complete 
| 114|0x000000008a400000, 0x000000008a500000, 0x000000008a500000|100%| E|CS|TAMS 0x000000008a400000, 0x000000008a400000| Complete 
| 115|0x000000008a500000, 0x000000008a600000, 0x000000008a600000|100%| E|CS|TAMS 0x000000008a500000, 0x000000008a500000| Complete 
| 116|0x000000008a600000, 0x000000008a700000, 0x000000008a700000|100%| E|CS|TAMS 0x000000008a600000, 0x000000008a600000| Complete 
| 117|0x000000008a700000, 0x000000008a800000, 0x000000008a800000|100%| E|CS|TAMS 0x000000008a700000, 0x000000008a700000| Complete 
| 118|0x000000008a800000, 0x000000008a900000, 0x000000008a900000|100%| E|CS|TAMS 0x000000008a800000, 0x000000008a800000| Complete 
| 119|0x000000008a900000, 0x000000008aa00000, 0x000000008aa00000|100%| E|CS|TAMS 0x000000008a900000, 0x000000008a900000| Complete 
| 120|0x000000008aa00000, 0x000000008ab00000, 0x000000008ab00000|100%| E|CS|TAMS 0x000000008aa00000, 0x000000008aa00000| Complete 
| 121|0x000000008ab00000, 0x000000008ac00000, 0x000000008ac00000|100%| E|CS|TAMS 0x000000008ab00000, 0x000000008ab00000| Complete 
| 122|0x000000008ac00000, 0x000000008ad00000, 0x000000008ad00000|100%| E|CS|TAMS 0x000000008ac00000, 0x000000008ac00000| Complete 
| 123|0x000000008ad00000, 0x000000008ae00000, 0x000000008ae00000|100%| E|CS|TAMS 0x000000008ad00000, 0x000000008ad00000| Complete 
| 124|0x000000008ae00000, 0x000000008af00000, 0x000000008af00000|100%| E|CS|TAMS 0x000000008ae00000, 0x000000008ae00000| Complete 
| 125|0x000000008af00000, 0x000000008b000000, 0x000000008b000000|100%| E|CS|TAMS 0x000000008af00000, 0x000000008af00000| Complete 

Card table byte_map: [0x0000015bf2c80000,0x0000015bf3070000] _byte_map_base: 0x0000015bf2867000

Marking Bits (Prev, Next): (CMBitMap*) 0x0000015bea649110, (CMBitMap*) 0x0000015bea649150
 Prev Bits: [0x0000015bf3460000, 0x0000015bf5398000)
 Next Bits: [0x0000015bf53a0000, 0x0000015bf72d8000)

Polling page: 0x0000015be8540000

Metaspace:

Usage:
  Non-class:      8.92 MB used.
      Class:      1.03 MB used.
       Both:      9.95 MB used.

Virtual space:
  Non-class space:       64.00 MB reserved,       9.00 MB ( 14%) committed,  1 nodes.
      Class space:        1.00 GB reserved,       1.19 MB ( <1%) committed,  1 nodes.
             Both:        1.06 GB reserved,      10.19 MB ( <1%) committed. 

Chunk freelists:
   Non-Class:  2.96 MB
       Class:  2.73 MB
        Both:  5.69 MB

MaxMetaspaceSize: unlimited
CompressedClassSpaceSize: 1.00 GB
Initial GC threshold: 21.00 MB
Current GC threshold: 21.00 MB
CDS: on
MetaspaceReclaimPolicy: balanced
 - commit_granule_bytes: 65536.
 - commit_granule_words: 8192.
 - virtual_space_node_default_size: 8388608.
 - enlarge_chunks_in_place: 1.
 - new_chunks_are_fully_committed: 0.
 - uncommit_free_chunks: 1.
 - use_allocation_guard: 0.


Internal statistics:

num_allocs_failed_limit: 0.
num_arena_births: 156.
num_arena_deaths: 0.
num_vsnodes_births: 2.
num_vsnodes_deaths: 0.
num_space_committed: 163.
num_space_uncommitted: 0.
num_chunks_returned_to_freelist: 0.
num_chunks_taken_from_freelist: 282.
num_chunk_merges: 0.
num_chunk_splits: 191.
num_chunks_enlarged: 136.
num_inconsistent_stats: 0.

CodeHeap 'non-profiled nmethods': size=120000Kb used=377Kb max_used=377Kb free=119622Kb
 bounds [0x0000015b87ad0000, 0x0000015b87d40000, 0x0000015b8f000000]
CodeHeap 'profiled nmethods': size=120000Kb used=1823Kb max_used=1823Kb free=118177Kb
 bounds [0x0000015b80000000, 0x0000015b80270000, 0x0000015b87530000]
CodeHeap 'non-nmethods': size=5760Kb used=1342Kb max_used=1366Kb free=4417Kb
 bounds [0x0000015b87530000, 0x0000015b877a0000, 0x0000015b87ad0000]
 total_blobs=1688 nmethods=1106 adapters=493
 compilation: enabled
              stopped_count=0, restarted_count=0
 full_count=0

Compilation events (20 events):
Event: 0.916 Thread 0x0000015bf9d57ab0 nmethod 1097 0x0000015b87b2d210 code [0x0000015b87b2d380, 0x0000015b87b2d3f8]
Event: 0.917 Thread 0x0000015bf9d56b60 nmethod 1093 0x0000015b87b2d510 code [0x0000015b87b2d6a0, 0x0000015b87b2d798]
Event: 0.919 Thread 0x0000015bf9d59c10 nmethod 1088 0x0000015b801b7e10 code [0x0000015b801b8500, 0x0000015b801bc5e8]
Event: 0.919 Thread 0x0000015bf9d59c10 1094       3       sun.nio.fs.WindowsPathParser$Result::<init> (20 bytes)
Event: 0.919 Thread 0x0000015bf9d59c10 nmethod 1094 0x0000015b801bdc90 code [0x0000015b801bde40, 0x0000015b801be0b8]
Event: 0.919 Thread 0x0000015bf9d59c10 1089       3       sun.nio.fs.WindowsPathParser::isLetter (30 bytes)
Event: 0.919 Thread 0x0000015bf9d59c10 nmethod 1089 0x0000015b801be190 code [0x0000015b801be340, 0x0000015b801be538]
Event: 0.919 Thread 0x0000015bf9d59c10 1095       3       java.nio.file.Files$AcceptAllFilter::accept (9 bytes)
Event: 0.919 Thread 0x0000015bf9d59c10 nmethod 1095 0x0000015b801be610 code [0x0000015b801be7c0, 0x0000015b801bea38]
Event: 0.919 Thread 0x0000015bf9d59c10 1098       3       sun.nio.fs.WindowsFileAttributes::isReparsePoint (14 bytes)
Event: 0.920 Thread 0x0000015bf9d59c10 nmethod 1098 0x0000015b801beb10 code [0x0000015b801beca0, 0x0000015b801bedf8]
Event: 0.920 Thread 0x0000015bf9d59c10 1099       3       sun.nio.fs.WindowsFileAttributes::<init> (57 bytes)
Event: 0.920 Thread 0x0000015bf9d59c10 nmethod 1099 0x0000015b801bee90 code [0x0000015b801bf040, 0x0000015b801bf1d8]
Event: 0.920 Thread 0x0000015bf9d59c10 1100       3       sun.nio.fs.WindowsDirectoryStream$WindowsDirectoryIterator::isSelfOrParent (24 bytes)
Event: 0.920 Thread 0x0000015bf9d59c10 nmethod 1100 0x0000015b801bf310 code [0x0000015b801bf4e0, 0x0000015b801bf718]
Event: 0.920 Thread 0x0000015bf9d59c10 1101   !   3       sun.nio.fs.WindowsNativeDispatcher::FindNextFile (30 bytes)
Event: 0.920 Thread 0x0000015bf9d59c10 nmethod 1101 0x0000015b801bf810 code [0x0000015b801bf9e0, 0x0000015b801bfbd8]
Event: 0.920 Thread 0x0000015bf9d59c10 1103       3       sun.nio.fs.WindowsPath::getFileName (87 bytes)
Event: 0.921 Thread 0x0000015bf9d59c10 nmethod 1103 0x0000015b801bfd10 code [0x0000015b801bffe0, 0x0000015b801c0e68]
Event: 0.921 Thread 0x0000015bf9d59c10 1106       3       sun.security.provider.ByteArrayAccess::b2iBig64 (231 bytes)

GC Heap History (0 events):
No events

Dll operation events (9 events):
Event: 0.010 Loaded shared library C:\Program Files\Java\jdk-19\bin\java.dll
Event: 0.019 Loaded shared library C:\Program Files\Java\jdk-19\bin\jsvml.dll
Event: 0.082 Loaded shared library C:\Program Files\Java\jdk-19\bin\jimage.dll
Event: 0.151 Loaded shared library C:\Program Files\Java\jdk-19\bin\net.dll
Event: 0.153 Loaded shared library C:\Program Files\Java\jdk-19\bin\nio.dll
Event: 0.164 Loaded shared library C:\Program Files\Java\jdk-19\bin\zip.dll
Event: 0.190 Loaded shared library C:\Program Files\Java\jdk-19\bin\awt.dll
Event: 0.595 Loaded shared library C:\Program Files\Java\jdk-19\bin\extnet.dll
Event: 0.745 Loaded shared library C:\Program Files\Java\jdk-19\bin\sunmscapi.dll

Deoptimization events (20 events):
Event: 0.713 Thread 0x0000015bfe345c40 Uncommon trap: trap_request=0xffffff45 fr.pc=0x0000015b87afc280 relative=0x0000000000000800
Event: 0.713 Thread 0x0000015bfe345c40 Uncommon trap: reason=unstable_if action=reinterpret pc=0x0000015b87afc280 method=java.util.Properties$LineReader.readLine()I @ 117 c2
Event: 0.713 Thread 0x0000015bfe345c40 DEOPT PACKING pc=0x0000015b87afc280 sp=0x00000047f3cfd9d0
Event: 0.713 Thread 0x0000015bfe345c40 DEOPT UNPACKING pc=0x0000015b87596da3 sp=0x00000047f3cfd970 mode 2
Event: 0.813 Thread 0x0000015bfe345c40 Uncommon trap: trap_request=0xffffffc6 fr.pc=0x0000015b87b261c8 relative=0x0000000000000308
Event: 0.813 Thread 0x0000015bfe345c40 Uncommon trap: reason=bimorphic_or_optimized_type_check action=maybe_recompile pc=0x0000015b87b261c8 method=java.util.concurrent.ConcurrentHashMap.get(Ljava/lang/Object;)Ljava/lang/Object; @ 149 c2
Event: 0.813 Thread 0x0000015bfe345c40 DEOPT PACKING pc=0x0000015b87b261c8 sp=0x00000047f3cfb710
Event: 0.813 Thread 0x0000015bfe345c40 DEOPT UNPACKING pc=0x0000015b87596da3 sp=0x00000047f3cfb680 mode 2
Event: 0.813 Thread 0x0000015bfe345c40 Uncommon trap: trap_request=0xffffffc6 fr.pc=0x0000015b87b261c8 relative=0x0000000000000308
Event: 0.813 Thread 0x0000015bfe345c40 Uncommon trap: reason=bimorphic_or_optimized_type_check action=maybe_recompile pc=0x0000015b87b261c8 method=java.util.concurrent.ConcurrentHashMap.get(Ljava/lang/Object;)Ljava/lang/Object; @ 149 c2
Event: 0.813 Thread 0x0000015bfe345c40 DEOPT PACKING pc=0x0000015b87b261c8 sp=0x00000047f3cfb780
Event: 0.813 Thread 0x0000015bfe345c40 DEOPT UNPACKING pc=0x0000015b87596da3 sp=0x00000047f3cfb6f0 mode 2
Event: 0.819 Thread 0x0000015bfe345c40 Uncommon trap: trap_request=0xffffffc6 fr.pc=0x0000015b87b261c8 relative=0x0000000000000308
Event: 0.819 Thread 0x0000015bfe345c40 Uncommon trap: reason=bimorphic_or_optimized_type_check action=maybe_recompile pc=0x0000015b87b261c8 method=java.util.concurrent.ConcurrentHashMap.get(Ljava/lang/Object;)Ljava/lang/Object; @ 149 c2
Event: 0.819 Thread 0x0000015bfe345c40 DEOPT PACKING pc=0x0000015b87b261c8 sp=0x00000047f3cfc2e0
Event: 0.819 Thread 0x0000015bfe345c40 DEOPT UNPACKING pc=0x0000015b87596da3 sp=0x00000047f3cfc250 mode 2
Event: 0.820 Thread 0x0000015bfe345c40 Uncommon trap: trap_request=0xffffffc6 fr.pc=0x0000015b87b261c8 relative=0x0000000000000308
Event: 0.820 Thread 0x0000015bfe345c40 Uncommon trap: reason=bimorphic_or_optimized_type_check action=maybe_recompile pc=0x0000015b87b261c8 method=java.util.concurrent.ConcurrentHashMap.get(Ljava/lang/Object;)Ljava/lang/Object; @ 149 c2
Event: 0.820 Thread 0x0000015bfe345c40 DEOPT PACKING pc=0x0000015b87b261c8 sp=0x00000047f3cfbf70
Event: 0.820 Thread 0x0000015bfe345c40 DEOPT UNPACKING pc=0x0000015b87596da3 sp=0x00000047f3cfbee0 mode 2

Classes loaded (20 events):
Event: 0.922 Loading class sun/security/ssl/SSLSocketImpl$AppOutputStream
Event: 0.922 Loading class sun/security/ssl/SSLSocketImpl$AppOutputStream done
Event: 0.922 Loading class sun/security/ssl/HandshakeHash
Event: 0.922 Loading class sun/security/ssl/HandshakeHash done
Event: 0.922 Loading class sun/security/ssl/HandshakeHash$CacheOnlyHash
Event: 0.922 Loading class sun/security/ssl/HandshakeHash$TranscriptHash
Event: 0.922 Loading class sun/security/ssl/HandshakeHash$TranscriptHash done
Event: 0.922 Loading class sun/security/ssl/HandshakeHash$CacheOnlyHash done
Event: 0.922 Loading class sun/security/ssl/TransportContext
Event: 0.922 Loading class sun/security/ssl/ConnectionContext
Event: 0.922 Loading class sun/security/ssl/ConnectionContext done
Event: 0.922 Loading class sun/security/ssl/TransportContext done
Event: 0.922 Loading class sun/security/ssl/SSLSocketInputRecord
Event: 0.922 Loading class sun/security/ssl/SSLRecord
Event: 0.922 Loading class sun/security/ssl/Record
Event: 0.922 Loading class sun/security/ssl/Record done
Event: 0.922 Loading class sun/security/ssl/SSLRecord done
Event: 0.923 Loading class sun/security/ssl/InputRecord
Event: 0.923 Loading class sun/security/ssl/InputRecord done
Event: 0.923 Loading class sun/security/ssl/SSLSocketInputRecord done

Classes unloaded (0 events):
No events

Classes redefined (0 events):
No events

Internal exceptions (18 events):
Event: 0.171 Thread 0x0000015bea5e7420 Exception <a 'java/lang/ClassNotFoundException'{0x000000008ad527c0}: sun/awt/resources/spi/awtProvider> (0x000000008ad527c0) 
thrown [s\open\src\hotspot\share\classfile\systemDictionary.cpp, line 255]
Event: 0.232 Thread 0x0000015bea5e7420 Exception <a 'java/io/FileNotFoundException'{0x000000008adabf38}> (0x000000008adabf38) 
thrown [s\open\src\hotspot\share\prims\jni.cpp, line 517]
Event: 0.242 Thread 0x0000015bea5e7420 Exception <a 'java/io/FileNotFoundException'{0x000000008add85c8}> (0x000000008add85c8) 
thrown [s\open\src\hotspot\share\prims\jni.cpp, line 517]
Event: 0.286 Thread 0x0000015bea5e7420 Exception <a 'java/lang/NoSuchMethodError'{0x000000008ac0e628}: 'java.lang.Object java.lang.invoke.DirectMethodHandle$Holder.invokeStaticInit(java.lang.Object)'> (0x000000008ac0e628) 
thrown [s\open\src\hotspot\share\interpreter\linkResolver.cpp, line 774]
Event: 0.337 Thread 0x0000015bfe345c40 Exception <a 'java/lang/NoSuchMethodError'{0x000000008abcea48}: 'void java.lang.invoke.DirectMethodHandle$Holder.invokeSpecial(java.lang.Object, java.lang.Object, java.lang.Object)'> (0x000000008abcea48) 
thrown [s\open\src\hotspot\share\interpreter\linkResolver.cpp, line 774]
Event: 0.345 Thread 0x0000015bfe345c40 Exception <a 'java/lang/NoSuchMethodError'{0x000000008abf9720}: 'java.lang.Object java.lang.invoke.DirectMethodHandle$Holder.newInvokeSpecial(java.lang.Object, java.lang.Object, java.lang.Object, java.lang.Object, java.lang.Object)'> (0x000000008abf9720) 
thrown [s\open\src\hotspot\share\interpreter\linkResolver.cpp, line 774]
Event: 0.351 Thread 0x0000015bfe345c40 Exception <a 'java/lang/NoSuchMethodError'{0x000000008aa2b2b8}: 'java.lang.Object java.lang.invoke.DirectMethodHandle$Holder.invokeStatic(java.lang.Object, int, java.lang.Object)'> (0x000000008aa2b2b8) 
thrown [s\open\src\hotspot\share\interpreter\linkResolver.cpp, line 774]
Event: 0.387 Thread 0x0000015bfe345c40 Exception <a 'java/lang/ClassNotFoundException'{0x000000008aae6c08}: com/sun/swing/internal/plaf/metal/resources/spi/metalProvider> (0x000000008aae6c08) 
thrown [s\open\src\hotspot\share\classfile\systemDictionary.cpp, line 255]
Event: 0.388 Thread 0x0000015bfe345c40 Exception <a 'java/lang/ClassNotFoundException'{0x000000008aaeabb8}: com/sun/swing/internal/plaf/basic/resources/spi/basicProvider> (0x000000008aaeabb8) 
thrown [s\open\src\hotspot\share\classfile\systemDictionary.cpp, line 255]
Event: 0.404 Thread 0x0000015bfe345c40 Exception <a 'java/lang/NoSuchMethodError'{0x000000008a90b640}: 'int java.lang.invoke.Invokers$Holder.invokeExact_MT(java.lang.Object, java.lang.Object)'> (0x000000008a90b640) 
thrown [s\open\src\hotspot\share\interpreter\linkResolver.cpp, line 774]
Event: 0.451 Thread 0x0000015bfe345c40 Exception <a 'java/lang/NoSuchMethodError'{0x000000008a86cb30}: 'java.lang.Object java.lang.invoke.DirectMethodHandle$Holder.invokeInterface(java.lang.Object, java.lang.Object)'> (0x000000008a86cb30) 
thrown [s\open\src\hotspot\share\interpreter\linkResolver.cpp, line 774]
Event: 0.476 Thread 0x0000015bfe345c40 Exception <a 'java/lang/NoSuchMethodError'{0x000000008a8ec348}: 'void java.lang.invoke.DirectMethodHandle$Holder.invokeStatic(java.lang.Object, java.lang.Object, java.lang.Object)'> (0x000000008a8ec348) 
thrown [s\open\src\hotspot\share\interpreter\linkResolver.cpp, line 774]
Event: 0.477 Thread 0x0000015bfe345c40 Exception <a 'java/lang/NoSuchMethodError'{0x000000008a8f6528}: 'java.lang.Object java.lang.invoke.DirectMethodHandle$Holder.invokeVirtual(java.lang.Object, java.lang.Object, java.lang.Object)'> (0x000000008a8f6528) 
thrown [s\open\src\hotspot\share\interpreter\linkResolver.cpp, line 774]
Event: 0.597 Thread 0x0000015bfe345c40 Exception <a 'java/lang/NoSuchMethodError'{0x000000008a40edc8}: 'void java.lang.invoke.DirectMethodHandle$Holder.invokeStatic(java.lang.Object, java.lang.Object)'> (0x000000008a40edc8) 
thrown [s\open\src\hotspot\share\interpreter\linkResolver.cpp, line 774]
Event: 0.714 Thread 0x0000015bfe345c40 Exception <a 'java/lang/NoSuchMethodError'{0x000000008a29b3a8}: 'void java.lang.invoke.DirectMethodHandle$Holder.invokeStaticInit(java.lang.Object, java.lang.Object)'> (0x000000008a29b3a8) 
thrown [s\open\src\hotspot\share\interpreter\linkResolver.cpp, line 774]
Event: 0.785 Thread 0x0000015bfe345c40 Exception <a 'sun/nio/fs/WindowsException'{0x000000008a1e2770}> (0x000000008a1e2770) 
thrown [s\open\src\hotspot\share\prims\jni.cpp, line 517]
Event: 0.836 Thread 0x0000015bfe345c40 Exception <a 'java/lang/NoSuchMethodError'{0x000000008a09bf58}: 'java.lang.Object java.lang.invoke.DirectMethodHandle$Holder.invokeStaticInit(java.lang.Object, int, int, int, int)'> (0x000000008a09bf58) 
thrown [s\open\src\hotspot\share\interpreter\linkResolver.cpp, line 774]
Event: 0.918 Thread 0x0000015bfe345c40 Exception <a 'java/lang/NoSuchMethodError'{0x0000000089f19e88}: 'java.lang.Object java.lang.invoke.DirectMethodHandle$Holder.invokeStaticInit(java.lang.Object, java.lang.Object, int, int, int, int)'> (0x0000000089f19e88) 
thrown [s\open\src\hotspot\share\interpreter\linkResolver.cpp, line 774]

VM Operations (12 events):
Event: 0.256 Executing VM operation: HandshakeAllThreads
Event: 0.256 Executing VM operation: HandshakeAllThreads done
Event: 0.387 Executing VM operation: HandshakeAllThreads
Event: 0.387 Executing VM operation: HandshakeAllThreads done
Event: 0.406 Executing VM operation: HandshakeAllThreads
Event: 0.406 Executing VM operation: HandshakeAllThreads done
Event: 0.413 Executing VM operation: HandshakeAllThreads
Event: 0.413 Executing VM operation: HandshakeAllThreads done
Event: 0.580 Executing VM operation: HandshakeAllThreads
Event: 0.580 Executing VM operation: HandshakeAllThreads done
Event: 0.797 Executing VM operation: HandshakeAllThreads
Event: 0.797 Executing VM operation: HandshakeAllThreads done

Events (20 events):
Event: 0.020 Thread 0x0000015bea5e7420 Thread added: 0x0000015bea5e7420
Event: 0.045 Thread 0x0000015bf9d3c040 Thread added: 0x0000015bf9d3c040
Event: 0.045 Thread 0x0000015bf9d3eb80 Thread added: 0x0000015bf9d3eb80
Event: 0.046 Thread 0x0000015bf9d41a20 Thread added: 0x0000015bf9d41a20
Event: 0.046 Thread 0x0000015bf9d44360 Thread added: 0x0000015bf9d44360
Event: 0.046 Thread 0x0000015bf9d44c90 Thread added: 0x0000015bf9d44c90
Event: 0.046 Thread 0x0000015bf9d475d0 Thread added: 0x0000015bf9d475d0
Event: 0.046 Thread 0x0000015bf9d56b60 Thread added: 0x0000015bf9d56b60
Event: 0.046 Thread 0x0000015bf9d59c10 Thread added: 0x0000015bf9d59c10
Event: 0.046 Thread 0x0000015bf9d658d0 Thread added: 0x0000015bf9d658d0
Event: 0.069 Thread 0x0000015bfe1100e0 Thread added: 0x0000015bfe1100e0
Event: 0.072 Thread 0x0000015bfe113eb0 Thread added: 0x0000015bfe113eb0
Event: 0.287 Thread 0x0000015bfe3249f0 Thread added: 0x0000015bfe3249f0
Event: 0.288 Thread 0x0000015bfe324f30 Thread added: 0x0000015bfe324f30
Event: 0.289 Thread 0x0000015bfe325800 Thread added: 0x0000015bfe325800
Event: 0.306 Thread 0x0000015bfe345c40 Thread added: 0x0000015bfe345c40
Event: 0.306 Thread 0x0000015bea5e7420 Thread exited: 0x0000015bea5e7420
Event: 0.306 Thread 0x0000015bea5e7420 Thread added: 0x0000015bea5e7420
Event: 0.415 Thread 0x0000015bff3c0fd0 Thread added: 0x0000015bff3c0fd0
Event: 0.416 Thread 0x0000015bf9d57ab0 Thread added: 0x0000015bf9d57ab0


Dynamic libraries:
0x00007ff6ef5d0000 - 0x00007ff6ef5e0000 	C:\Program Files\Java\jdk-19\bin\javaw.exe
0x00007ffa761b0000 - 0x00007ffa763c4000 	C:\WINDOWS\SYSTEM32\ntdll.dll
0x00007ffa74b40000 - 0x00007ffa74c02000 	C:\WINDOWS\System32\KERNEL32.DLL
0x00007ffa73a70000 - 0x00007ffa73e13000 	C:\WINDOWS\System32\KERNELBASE.dll
0x00007ffa73e90000 - 0x00007ffa73fa1000 	C:\WINDOWS\System32\ucrtbase.dll
0x00007ffa4de10000 - 0x00007ffa4de28000 	C:\Program Files\Java\jdk-19\bin\jli.dll
0x00007ffa4d980000 - 0x00007ffa4d99b000 	C:\Program Files\Java\jdk-19\bin\VCRUNTIME140.dll
0x00007ffa74dd0000 - 0x00007ffa74e7e000 	C:\WINDOWS\System32\ADVAPI32.dll
0x00007ffa75630000 - 0x00007ffa756d7000 	C:\WINDOWS\System32\msvcrt.dll
0x00007ffa74a50000 - 0x00007ffa74af4000 	C:\WINDOWS\System32\sechost.dll
0x00007ffa73ff0000 - 0x00007ffa74107000 	C:\WINDOWS\System32\RPCRT4.dll
0x00007ffa74c10000 - 0x00007ffa74dbb000 	C:\WINDOWS\System32\USER32.dll
0x00007ffa73710000 - 0x00007ffa73736000 	C:\WINDOWS\System32\win32u.dll
0x00007ffa5d4d0000 - 0x00007ffa5d75e000 	C:\WINDOWS\WinSxS\amd64_microsoft.windows.common-controls_6595b64144ccf1df_6.0.22621.1635_none_270f70857386168e\COMCTL32.dll
0x00007ffa73fb0000 - 0x00007ffa73fd9000 	C:\WINDOWS\System32\GDI32.dll
0x00007ffa73950000 - 0x00007ffa73a68000 	C:\WINDOWS\System32\gdi32full.dll
0x00007ffa73740000 - 0x00007ffa737da000 	C:\WINDOWS\System32\msvcp_win.dll
0x00007ffa67fd0000 - 0x00007ffa67fda000 	C:\WINDOWS\SYSTEM32\VERSION.dll
0x00007ffa74b00000 - 0x00007ffa74b31000 	C:\WINDOWS\System32\IMM32.DLL
0x00007ffa6e850000 - 0x00007ffa6e85c000 	C:\Program Files\Java\jdk-19\bin\vcruntime140_1.dll
0x00007ffa3d3b0000 - 0x00007ffa3d43e000 	C:\Program Files\Java\jdk-19\bin\msvcp140.dll
0x00007ffa33540000 - 0x00007ffa34200000 	C:\Program Files\Java\jdk-19\bin\server\jvm.dll
0x00007ffa6e8a0000 - 0x00007ffa6e8a9000 	C:\WINDOWS\SYSTEM32\WSOCK32.dll
0x00007ffa6aff0000 - 0x00007ffa6b024000 	C:\WINDOWS\SYSTEM32\WINMM.dll
0x00007ffa753f0000 - 0x00007ffa75461000 	C:\WINDOWS\System32\WS2_32.dll
0x00007ffa72620000 - 0x00007ffa72638000 	C:\WINDOWS\SYSTEM32\kernel.appcore.dll
0x00007ffa6d390000 - 0x00007ffa6d39a000 	C:\Program Files\Java\jdk-19\bin\jimage.dll
0x00007ffa70fe0000 - 0x00007ffa7120e000 	C:\WINDOWS\SYSTEM32\DBGHELP.DLL
0x00007ffa74ea0000 - 0x00007ffa75229000 	C:\WINDOWS\System32\combase.dll
0x00007ffa752c0000 - 0x00007ffa75397000 	C:\WINDOWS\System32\OLEAUT32.dll
0x00007ffa70fa0000 - 0x00007ffa70fd2000 	C:\WINDOWS\SYSTEM32\dbgcore.DLL
0x00007ffa73690000 - 0x00007ffa7370b000 	C:\WINDOWS\System32\bcryptPrimitives.dll
0x00007ffa49c40000 - 0x00007ffa49c66000 	C:\Program Files\Java\jdk-19\bin\java.dll
0x00007ffa3d2d0000 - 0x00007ffa3d3a7000 	C:\Program Files\Java\jdk-19\bin\jsvml.dll
0x00007ffa74240000 - 0x00007ffa74a3a000 	C:\WINDOWS\System32\SHELL32.dll
0x00007ffa715d0000 - 0x00007ffa71e9e000 	C:\WINDOWS\SYSTEM32\windows.storage.dll
0x00007ffa71490000 - 0x00007ffa715ce000 	C:\WINDOWS\SYSTEM32\wintypes.dll
0x00007ffa75a40000 - 0x00007ffa75b31000 	C:\WINDOWS\System32\SHCORE.dll
0x00007ffa74110000 - 0x00007ffa7416e000 	C:\WINDOWS\System32\shlwapi.dll
0x00007ffa73500000 - 0x00007ffa73521000 	C:\WINDOWS\SYSTEM32\profapi.dll
0x00007ffa4d7c0000 - 0x00007ffa4d7d3000 	C:\Program Files\Java\jdk-19\bin\net.dll
0x00007ffa70b80000 - 0x00007ffa70cb7000 	C:\WINDOWS\SYSTEM32\WINHTTP.dll
0x00007ffa72a90000 - 0x00007ffa72af9000 	C:\WINDOWS\system32\mswsock.dll
0x00007ffa3fe80000 - 0x00007ffa3fe96000 	C:\Program Files\Java\jdk-19\bin\nio.dll
0x00007ffa3f000000 - 0x00007ffa3f018000 	C:\Program Files\Java\jdk-19\bin\zip.dll
0x00007ffa37120000 - 0x00007ffa372b1000 	C:\Program Files\Java\jdk-19\bin\awt.dll
0x00007ffa702c0000 - 0x00007ffa70357000 	C:\WINDOWS\SYSTEM32\apphelp.dll
0x00007ffa70490000 - 0x00007ffa7053b000 	C:\WINDOWS\system32\uxtheme.dll
0x00007ffa75760000 - 0x00007ffa7587e000 	C:\WINDOWS\System32\MSCTF.dll
0x00007ffa75b40000 - 0x00007ffa75cdc000 	C:\WINDOWS\System32\ole32.dll
0x00007ffa706e0000 - 0x00007ffa7070b000 	C:\WINDOWS\system32\DWMAPI.DLL
0x00007ffa63c20000 - 0x00007ffa63d20000 	C:\WINDOWS\system32\opengl32.dll
0x00007ffa63ec0000 - 0x00007ffa63eed000 	C:\WINDOWS\SYSTEM32\GLU32.dll
0x00007ffa70590000 - 0x00007ffa705c6000 	C:\WINDOWS\SYSTEM32\dxcore.dll
0x00007ffa72170000 - 0x00007ffa72263000 	C:\WINDOWS\SYSTEM32\DNSAPI.dll
0x00007ffa72100000 - 0x00007ffa7212d000 	C:\WINDOWS\SYSTEM32\IPHLPAPI.DLL
0x00007ffa74dc0000 - 0x00007ffa74dc9000 	C:\WINDOWS\System32\NSI.dll
0x00007ffa65590000 - 0x00007ffa6559a000 	C:\Windows\System32\rasadhlp.dll
0x00007ffa696e0000 - 0x00007ffa69764000 	C:\WINDOWS\System32\fwpuclnt.dll
0x00007ffa63eb0000 - 0x00007ffa63eb8000 	C:\Program Files\Java\jdk-19\bin\extnet.dll
0x00007ffa6d380000 - 0x00007ffa6d38e000 	C:\Program Files\Java\jdk-19\bin\sunmscapi.dll
0x00007ffa737e0000 - 0x00007ffa73947000 	C:\WINDOWS\System32\CRYPT32.dll
0x00007ffa72e80000 - 0x00007ffa72eae000 	C:\WINDOWS\SYSTEM32\ncrypt.dll
0x00007ffa72e40000 - 0x00007ffa72e77000 	C:\WINDOWS\SYSTEM32\NTASN1.dll
0x00007ffa72cf0000 - 0x00007ffa72d0b000 	C:\WINDOWS\SYSTEM32\CRYPTSP.dll
0x00007ffa72590000 - 0x00007ffa725c5000 	C:\WINDOWS\system32\rsaenh.dll
0x00007ffa72b90000 - 0x00007ffa72bb8000 	C:\WINDOWS\SYSTEM32\USERENV.dll
0x00007ffa72eb0000 - 0x00007ffa72ed8000 	C:\WINDOWS\SYSTEM32\bcrypt.dll
0x00007ffa72d10000 - 0x00007ffa72d1c000 	C:\WINDOWS\SYSTEM32\CRYPTBASE.dll
0x00007ffa6ade0000 - 0x00007ffa6adf9000 	C:\WINDOWS\SYSTEM32\dhcpcsvc6.DLL
0x00007ffa6acf0000 - 0x00007ffa6ad0f000 	C:\WINDOWS\SYSTEM32\dhcpcsvc.DLL

dbghelp: loaded successfully - version: 4.0.5 - missing functions: none
symbol engine: initialized successfully - sym options: 0x614 - pdb path: .;C:\Program Files\Java\jdk-19\bin;C:\WINDOWS\SYSTEM32;C:\WINDOWS\WinSxS\amd64_microsoft.windows.common-controls_6595b64144ccf1df_6.0.22621.1635_none_270f70857386168e;C:\Program Files\Java\jdk-19\bin\server

VM Arguments:
jvm_args: -Dfile.encoding=UTF-8 -XX:+ShowCodeDetailsInExceptionMessages 
java_command: fotballproject.StarterFrame
java_class_path (initial): C:\Java_WS\FootballProject\FootBallProject\target\classes;C:\Users\ejrwl\.m2\repository\com\mysql\mysql-connector-j\8.0.33\mysql-connector-j-8.0.33.jar;C:\Users\ejrwl\.m2\repository\com\google\protobuf\protobuf-java\3.21.9\protobuf-java-3.21.9.jar
Launcher Type: SUN_STANDARD

[Global flags]
     intx CICompilerCount                          = 4                                         {product} {ergonomic}
     uint ConcGCThreads                            = 2                                         {product} {ergonomic}
     uint G1ConcRefinementThreads                  = 8                                         {product} {ergonomic}
   size_t G1HeapRegionSize                         = 1048576                                   {product} {ergonomic}
    uintx GCDrainStackTargetSize                   = 64                                        {product} {ergonomic}
   size_t InitialHeapSize                          = 132120576                                 {product} {ergonomic}
   size_t MarkStackSize                            = 4194304                                   {product} {ergonomic}
   size_t MaxHeapSize                              = 2095054848                                {product} {ergonomic}
   size_t MaxNewSize                               = 1256194048                                {product} {ergonomic}
   size_t MinHeapDeltaBytes                        = 1048576                                   {product} {ergonomic}
   size_t MinHeapSize                              = 8388608                                   {product} {ergonomic}
    uintx NonNMethodCodeHeapSize                   = 5839372                                {pd product} {ergonomic}
    uintx NonProfiledCodeHeapSize                  = 122909434                              {pd product} {ergonomic}
    uintx ProfiledCodeHeapSize                     = 122909434                              {pd product} {ergonomic}
    uintx ReservedCodeCacheSize                    = 251658240                              {pd product} {ergonomic}
     bool SegmentedCodeCache                       = true                                      {product} {ergonomic}
     bool ShowCodeDetailsInExceptionMessages       = true                                   {manageable} {command line}
   size_t SoftMaxHeapSize                          = 2095054848                             {manageable} {ergonomic}
     bool UseCompressedClassPointers               = true                           {product lp64_product} {ergonomic}
     bool UseCompressedOops                        = true                           {product lp64_product} {ergonomic}
     bool UseG1GC                                  = true                                      {product} {ergonomic}
     bool UseLargePagesIndividualAllocation        = false                                  {pd product} {ergonomic}

Logging:
Log output configuration:
 #0: stdout all=warning uptime,level,tags foldmultilines=false
 #1: stderr all=off uptime,level,tags foldmultilines=false

Environment Variables:
JAVA_HOME=C:\Program Files\Java\jdk-19
CLASSPATH=C:\Program Files\Java\jdk-19\lib;.
PATH=C:\Program Files\Common Files\Oracle\Java\javapath;C:\Program Files (x86)\Intel\Intel(R) Management Engine Components\iCLS\;C:\Program Files\Intel\Intel(R) Management Engine Components\iCLS\;C:\WINDOWS\system32;C:\WINDOWS;C:\WINDOWS\System32\Wbem;C:\WINDOWS\System32\WindowsPowerShell\v1.0\;C:\WINDOWS\System32\OpenSSH\;C:\Program Files (x86)\Intel\Intel(R) Management Engine Components\DAL;C:\Program Files\Intel\Intel(R) Management Engine Components\DAL;C:\Program Files\dotnet\;#JAVA_HOME%\bin;C:\Program Files\Git\cmd;C:\Users\ejrwl\AppData\Local\Microsoft\WindowsApps;C:\Users\ejrwl\.dotnet\tools;C:\Users\ejrwl\AppData\Local\GitHubDesktop\bin;C:\Users\ejrwl\AppData\Local\Programs\Microsoft VS Code\bin
USERNAME=ejrwl
OS=Windows_NT
PROCESSOR_IDENTIFIER=Intel64 Family 6 Model 142 Stepping 12, GenuineIntel
TMP=C:\Users\ejrwl\AppData\Local\Temp
TEMP=C:\Users\ejrwl\AppData\Local\Temp



---------------  S Y S T E M  ---------------

OS:
 Windows 11 , 64 bit Build 22621 (10.0.22621.1635)
OS uptime: 5 days 7:48 hours

CPU: total 8 (initial active 8) (4 cores per cpu, 2 threads per core) family 6 model 142 stepping 12 microcode 0xde, cx8, cmov, fxsr, ht, mmx, 3dnowpref, sse, sse2, sse3, ssse3, sse4.1, sse4.2, popcnt, lzcnt, tsc, tscinvbit, avx, avx2, aes, erms, clmul, bmi1, bmi2, adx, fma, vzeroupper, clflush, clflushopt, rdtscp

Memory: 4k page, system-wide physical 7986M (513M free)
TotalPageFile size 32562M (AvailPageFile size 4M)
current process WorkingSet (physical memory assigned to process): 72M, peak: 72M
current process commit charge ("private bytes"): 227M, peak: 227M

vm_info: Java HotSpot(TM) 64-Bit Server VM (19.0.2+7-44) for windows-amd64 JRE (19.0.2+7-44), built on 2022-11-30T18:02:09Z by "mach5one" with MS VC++ 17.1 (VS2022)

END.
